<?xml version="1.0" encoding="UTF-8"?>
<!-- Generated by org.testng.reporters.JUnitXMLReporter -->
<testsuite ignored="0" hostname="AX15" failures="1" tests="3" name="Test" time="0.588" errors="0" timestamp="2025-01-08T09:40:30 EST">
  <testcase classname="allure_test.Testcase1" name="testmethod1" time="0.203">
    <failure type="java.lang.AssertionError" message="expected [true] but found [false]">
      <![CDATA[java.lang.AssertionError: expected [true] but found [false]
at allure_test.Testcase1.testmethod1(Testcase1.java:11)
at java.base/java.util.ArrayList.forEach(ArrayList.java:1597)
... Removed 29 stack frames]]>
    </failure>
  </testcase> <!-- testmethod1 -->
  <testcase classname="allure_test.Testcase2" name="testmethod2" time="0.025"/>
  <testcase classname="allure_test.Testcase3" name="testmethod3" time="0.019"/>
</testsuite> <!-- Test -->
